<?xml version="1.0" encoding="UTF-8"?>
<!-- Generated by org.testng.reporters.JUnitReportReporter -->
<testsuite skipped="0" hostname="Haneeshas-MacBook-Pro.local" name="scicafe.api.controller.ProgramControllerTest" tests="5" failures="0" timestamp="26 Oct 2018 03:18:35 GMT" time="0.500" errors="0">
  <testcase name="deleteProgram" time="0.112" classname="scicafe.api.controller.ProgramControllerTest"/>
  <testcase name="editProgram" time="0.021" classname="scicafe.api.controller.ProgramControllerTest"/>
  <testcase name="getProgams" time="0.137" classname="scicafe.api.controller.ProgramControllerTest"/>
  <testcase name="createProgram" time="0.218" classname="scicafe.api.controller.ProgramControllerTest"/>
  <testcase name="getProgram" time="0.012" classname="scicafe.api.controller.ProgramControllerTest"/>
</testsuite> <!-- scicafe.api.controller.ProgramControllerTest -->
