<?xml version="1.0" encoding="UTF-8"?>
<!-- Generated by org.testng.reporters.JUnitReportReporter -->
<testsuite skipped="0" hostname="Haneeshas-MacBook-Pro.local" name="scicafe.api.controller.UserControllerTest" tests="3" failures="0" timestamp="26 Oct 2018 03:07:28 GMT" time="0.487" errors="0">
  <testcase name="addUser2" time="0.065" classname="scicafe.api.controller.UserControllerTest"/>
  <testcase name="addUser" time="0.245" classname="scicafe.api.controller.UserControllerTest"/>
  <testcase name="getUser" time="0.177" classname="scicafe.api.controller.UserControllerTest"/>
</testsuite> <!-- scicafe.api.controller.UserControllerTest -->
