<?xml version="1.0" encoding="UTF-8"?>
<!-- Generated by org.testng.reporters.JUnitReportReporter -->
<testsuite skipped="0" hostname="Haneeshas-MacBook-Pro.local" name="scicafe.api.controller.EventControllerTest" tests="1" failures="0" timestamp="26 Oct 2018 04:29:07 GMT" time="0.287" errors="0">
  <testcase name="createEvent" time="0.287" classname="scicafe.api.controller.EventControllerTest"/>
</testsuite> <!-- scicafe.api.controller.EventControllerTest -->
